#
# A fatal error has been detected by the Java Runtime Environment:
#
#  Internal Error (javaClasses.cpp:136), pid=5656, tid=6028
#  fatal error: Invalid layout of preloaded class
#
# JRE version:  (7.0_55-b13) (build )
# Java VM: Java HotSpot(TM) 64-Bit Server VM (24.55-b03 mixed mode windows-amd64 compressed oops)
# Failed to write core dump. Minidumps are not enabled by default on client versions of Windows
#
# If you would like to submit a bug report, please visit:
#   http://bugreport.sun.com/bugreport/crash.jsp
#

---------------  T H R E A D  ---------------

Current thread (0x0000000001e1d800):  JavaThread "Unknown thread" [_thread_in_vm, id=6028, stack(0x0000000002540000,0x0000000002640000)]

Stack: [0x0000000002540000,0x0000000002640000]

---------------  P R O C E S S  ---------------

Java Threads: ( => current thread )

Other Threads:

=>0x0000000001e1d800 (exited) JavaThread "Unknown thread" [_thread_in_vm, id=6028, stack(0x0000000002540000,0x0000000002640000)]

VM state:not at safepoint (not fully initialized)

VM Mutex/Monitor currently owned by a thread: None

GC Heap History (0 events):
No events

Deoptimization events (0 events):
No events

Internal exceptions (0 events):
No events

Events (10 events):
Event: 0.006 loading class 0x00000000022cc7c0 done
Event: 0.006 loading class 0x00000000022cc1e0 done
Event: 0.006 loading class 0x00000000022cc1c0
Event: 0.006 loading class 0x00000000022d42c0
Event: 0.006 loading class 0x00000000022d42c0 done
Event: 0.006 loading class 0x00000000022d42f0
Event: 0.006 loading class 0x00000000022d42f0 done
Event: 0.006 loading class 0x00000000022d4320
Event: 0.006 loading class 0x00000000022d4320 done
Event: 0.006 loading class 0x00000000022cc1c0 done


Dynamic libraries:
0x000000013fd00000 - 0x000000013fd33000 	C:\Program Files\Java\jre7\bin\javaw.exe
0x00000000772c0000 - 0x0000000077469000 	C:\Windows\SYSTEM32\ntdll.dll
0x00000000771a0000 - 0x00000000772bf000 	C:\Windows\system32\kernel32.dll
0x000007fefd140000 - 0x000007fefd1ac000 	C:\Windows\system32\KERNELBASE.dll
0x000007feff100000 - 0x000007feff1db000 	C:\Windows\system32\ADVAPI32.dll
0x000007feff4f0000 - 0x000007feff58f000 	C:\Windows\system32\msvcrt.dll
0x000007feff5b0000 - 0x000007feff5cf000 	C:\Windows\SYSTEM32\sechost.dll
0x000007fefd6c0000 - 0x000007fefd7ed000 	C:\Windows\system32\RPCRT4.dll
0x00000000770a0000 - 0x000000007719a000 	C:\Windows\system32\USER32.dll
0x000007fefd650000 - 0x000007fefd6b7000 	C:\Windows\system32\GDI32.dll
0x000007fefd4e0000 - 0x000007fefd4ee000 	C:\Windows\system32\LPK.dll
0x000007fefeac0000 - 0x000007fefeb89000 	C:\Windows\system32\USP10.dll
0x000007fefbb00000 - 0x000007fefbcf4000 	C:\Windows\WinSxS\amd64_microsoft.windows.common-controls_6595b64144ccf1df_6.0.7601.17514_none_fa396087175ac9ac\COMCTL32.dll
0x000007fefe860000 - 0x000007fefe8d1000 	C:\Windows\system32\SHLWAPI.dll
0x000007fefd4b0000 - 0x000007fefd4de000 	C:\Windows\system32\IMM32.DLL
0x000007fefd540000 - 0x000007fefd649000 	C:\Windows\system32\MSCTF.dll
0x0000000074410000 - 0x00000000744e2000 	C:\Program Files\Java\jre7\bin\msvcr100.dll
0x000000006e0d0000 - 0x000000006e899000 	C:\Program Files\Java\jre7\bin\server\jvm.dll
0x000007fef9db0000 - 0x000007fef9db9000 	C:\Windows\system32\WSOCK32.dll
0x000007fefd4f0000 - 0x000007fefd53d000 	C:\Windows\system32\WS2_32.dll
0x000007fefee40000 - 0x000007fefee48000 	C:\Windows\system32\NSI.dll
0x000007fef99b0000 - 0x000007fef99eb000 	C:\Windows\system32\WINMM.dll
0x0000000077490000 - 0x0000000077497000 	C:\Windows\system32\PSAPI.DLL
0x0000000074db0000 - 0x0000000074dbf000 	C:\Program Files\Java\jre7\bin\verify.dll
0x00000000742e0000 - 0x0000000074308000 	C:\Program Files\Java\jre7\bin\java.dll
0x00000000742c0000 - 0x00000000742d5000 	C:\Program Files\Java\jre7\bin\zip.dll

VM Arguments:
jvm_args: -Dfile.encoding=Cp1252 -Xbootclasspath:D:\Android\sdk\platforms\android-15\android.jar 
java_command: com.lolquizz.heartharena.Main
Launcher Type: SUN_STANDARD

Environment Variables:
PATH=C:\Windows\system32;C:\Windows;C:\Windows\System32\Wbem;C:\Windows\System32\WindowsPowerShell\v1.0\;C:\Program Files (x86)\ATI Technologies\ATI.ACE\Core-Static;C:\Program Files (x86)\Git\cmd;C:\Program Files (x86)\Git\bin
USERNAME=Polo
OS=Windows_NT
PROCESSOR_IDENTIFIER=Intel64 Family 6 Model 42 Stepping 7, GenuineIntel



---------------  S Y S T E M  ---------------

OS: Windows 7 , 64 bit Build 7601 Service Pack 1

CPU:total 4 (4 cores per cpu, 1 threads per core) family 6 model 42 stepping 7, cmov, cx8, fxsr, mmx, sse, sse2, sse3, ssse3, sse4.1, sse4.2, popcnt, avx, aes, tsc, tscinvbit

Memory: 4k page, physical 8303736k(4504764k free), swap 16605608k(8128900k free)

vm_info: Java HotSpot(TM) 64-Bit Server VM (24.55-b03) for windows-amd64 JRE (1.7.0_55-b13), built on Mar 17 2014 19:45:30 by "java_re" with unknown MS VC++:1600

time: Fri Jun 06 12:06:44 2014
elapsed time: 0 seconds

